\BOOKMARK [1][]{section.1}{1 Block diagram}{}% 1
\BOOKMARK [1][]{section.2}{2 Instructions}{}% 2
\BOOKMARK [2][]{subsection.2.1}{2.1 Load instructions}{section.2}% 3
\BOOKMARK [3][]{subsubsection.2.1.1}{2.1.1 Fetch}{subsection.2.1}% 4
\BOOKMARK [3][]{subsubsection.2.1.2}{2.1.2 Decode}{subsection.2.1}% 5
\BOOKMARK [3][]{subsubsection.2.1.3}{2.1.3 Execution \(ALU\)}{subsection.2.1}% 6
\BOOKMARK [3][]{subsubsection.2.1.4}{2.1.4 Memory}{subsection.2.1}% 7
\BOOKMARK [3][]{subsubsection.2.1.5}{2.1.5 Write back}{subsection.2.1}% 8
\BOOKMARK [2][]{subsection.2.2}{2.2 Store instructions}{section.2}% 9
\BOOKMARK [3][]{subsubsection.2.2.1}{2.2.1 Fetch}{subsection.2.2}% 10
\BOOKMARK [3][]{subsubsection.2.2.2}{2.2.2 Decode}{subsection.2.2}% 11
\BOOKMARK [3][]{subsubsection.2.2.3}{2.2.3 Execution}{subsection.2.2}% 12
\BOOKMARK [3][]{subsubsection.2.2.4}{2.2.4 Memory}{subsection.2.2}% 13
\BOOKMARK [3][]{subsubsection.2.2.5}{2.2.5 Write back}{subsection.2.2}% 14
\BOOKMARK [2][]{subsection.2.3}{2.3 Branch instructions}{section.2}% 15
\BOOKMARK [3][]{subsubsection.2.3.1}{2.3.1 Fetch}{subsection.2.3}% 16
\BOOKMARK [3][]{subsubsection.2.3.2}{2.3.2 Decode}{subsection.2.3}% 17
\BOOKMARK [3][]{subsubsection.2.3.3}{2.3.3 Execution}{subsection.2.3}% 18
\BOOKMARK [3][]{subsubsection.2.3.4}{2.3.4 Memory}{subsection.2.3}% 19
\BOOKMARK [3][]{subsubsection.2.3.5}{2.3.5 Write back}{subsection.2.3}% 20
\BOOKMARK [2][]{subsection.2.4}{2.4 Arithmetic instructions}{section.2}% 21
\BOOKMARK [3][]{subsubsection.2.4.1}{2.4.1 Fetch}{subsection.2.4}% 22
\BOOKMARK [3][]{subsubsection.2.4.2}{2.4.2 Decode}{subsection.2.4}% 23
\BOOKMARK [3][]{subsubsection.2.4.3}{2.4.3 Execution}{subsection.2.4}% 24
\BOOKMARK [3][]{subsubsection.2.4.4}{2.4.4 Memory}{subsection.2.4}% 25
\BOOKMARK [3][]{subsubsection.2.4.5}{2.4.5 Write back}{subsection.2.4}% 26
\BOOKMARK [2][]{subsection.2.5}{2.5 M RISC-V extension instructions}{section.2}% 27
\BOOKMARK [3][]{subsubsection.2.5.1}{2.5.1 Fetch}{subsection.2.5}% 28
\BOOKMARK [3][]{subsubsection.2.5.2}{2.5.2 Decode}{subsection.2.5}% 29
\BOOKMARK [3][]{subsubsection.2.5.3}{2.5.3 Execution and Memory}{subsection.2.5}% 30
\BOOKMARK [3][]{subsubsection.2.5.4}{2.5.4 M-extension stages}{subsection.2.5}% 31
\BOOKMARK [3][]{subsubsection.2.5.5}{2.5.5 Write back}{subsection.2.5}% 32
\BOOKMARK [2][]{subsection.2.6}{2.6 Exception instructions}{section.2}% 33
\BOOKMARK [1][]{section.3}{3 Performance results}{}% 34
